[0.033s] Invoking command in '/home/aidan/ros_ws/build/ana_1_1': /usr/bin/cmake --build /home/aidan/ros_ws/build/ana_1_1 -- -j6 -l6
[0.083s] -- Found ament_cmake: 1.3.8 (/opt/ros/humble/share/ament_cmake/cmake)
[0.384s] -- Found rclcpp: 16.0.8 (/opt/ros/humble/share/rclcpp/cmake)
[0.464s] -- Found rosidl_generator_c: 3.1.5 (/opt/ros/humble/share/rosidl_generator_c/cmake)
[0.468s] -- Found rosidl_adapter: 3.1.5 (/opt/ros/humble/share/rosidl_adapter/cmake)
[0.479s] -- Found rosidl_generator_cpp: 3.1.5 (/opt/ros/humble/share/rosidl_generator_cpp/cmake)
[0.500s] -- Using all available rosidl_typesupport_c: rosidl_typesupport_fastrtps_c;rosidl_typesupport_introspection_c
[0.529s] -- Using all available rosidl_typesupport_cpp: rosidl_typesupport_fastrtps_cpp;rosidl_typesupport_introspection_cpp
[0.637s] -- Found rmw_implementation_cmake: 6.1.1 (/opt/ros/humble/share/rmw_implementation_cmake/cmake)
[0.640s] -- Found rmw_fastrtps_cpp: 6.2.6 (/opt/ros/humble/share/rmw_fastrtps_cpp/cmake)
[0.880s] -- Using RMW implementation 'rmw_fastrtps_cpp' as default
[1.169s] -- Found geometry_msgs: 4.2.3 (/opt/ros/humble/share/geometry_msgs/cmake)
[1.248s] -- Found ament_lint_auto: 0.12.10 (/opt/ros/humble/share/ament_lint_auto/cmake)
[1.362s] Error parsing '/home/aidan/ros_ws/src/ana_1_1/package.xml':
[1.455s] Traceback (most recent call last):
[1.455s]   File "/opt/ros/humble/share/ament_cmake_core/cmake/core/package_xml_2_cmake.py", line 150, in <module>
[1.456s]     main()
[1.456s]   File "/opt/ros/humble/share/ament_cmake_core/cmake/core/package_xml_2_cmake.py", line 53, in main
[1.456s]     raise e
[1.456s]   File "/opt/ros/humble/share/ament_cmake_core/cmake/core/package_xml_2_cmake.py", line 49, in main
[1.456s]     package = parse_package_string(
[1.456s]   File "/usr/lib/python3/dist-packages/catkin_pkg/package.py", line 786, in parse_package_string
[1.456s]     raise InvalidPackage('Error(s):%s' % (''.join(['\n- %s' % e for e in errors])), filename)
[1.457s] catkin_pkg.package.InvalidPackage: Error(s) in package '/home/aidan/ros_ws/src/ana_1_1/package.xml':
[1.457s] Error(s):
[1.457s] - The generic dependency on 'geometry_msgs' is redundant with: build_depend, build_export_depend, exec_depend
[1.457s] - The generic dependency on 'rclcpp' is redundant with: build_depend, build_export_depend, exec_depend
[1.497s] [31mCMake Error at /opt/ros/humble/share/ament_cmake_core/cmake/core/ament_package_xml.cmake:95 (message):
[1.497s]   execute_process(/usr/bin/python3
[1.498s]   /opt/ros/humble/share/ament_cmake_core/cmake/core/package_xml_2_cmake.py
[1.498s]   /home/aidan/ros_ws/src/ana_1_1/package.xml
[1.498s]   /home/aidan/ros_ws/build/ana_1_1/ament_cmake_core/package.cmake) returned
[1.498s]   error code 1
[1.498s] Call Stack (most recent call first):
[1.498s]   /opt/ros/humble/share/ament_cmake_core/cmake/core/ament_package_xml.cmake:49 (_ament_package_xml)
[1.499s]   /opt/ros/humble/share/ament_lint_auto/cmake/ament_lint_auto_find_test_dependencies.cmake:31 (ament_package_xml)
[1.499s]   CMakeLists.txt:55 (ament_lint_auto_find_test_dependencies)
[1.499s] 
[1.499s] [0m
[1.499s] -- Configuring incomplete, errors occurred!
[1.500s] See also "/home/aidan/ros_ws/build/ana_1_1/CMakeFiles/CMakeOutput.log".
[1.522s] gmake: *** [Makefile:267: cmake_check_build_system] Error 1
[1.528s] Invoked command in '/home/aidan/ros_ws/build/ana_1_1' returned '2': /usr/bin/cmake --build /home/aidan/ros_ws/build/ana_1_1 -- -j6 -l6
